<?xml version="1.0" encoding="UTF-8"?>
<!-- Generated by org.testng.reporters.JUnitReportReporter -->
<testsuite hostname="LTIN216577" failures="0" tests="1" name="testCases.FindCourses" time="71.416" errors="0" timestamp="2023-06-13T19:51:12 IST" skipped="0">
  <testcase classname="testCases.FindCourses" name="verifyCarWash" time="71.416"/>
  <system-out/>
</testsuite> <!-- testCases.FindCourses -->
