<?xml version="1.0" encoding="UTF-8"?>
<!-- Generated by org.testng.reporters.JUnitReportReporter -->
<testsuite hostname="DESKTOP-52D0HCV" failures="0" tests="1" name="testCases.TestSetup" time="3.012" errors="0" timestamp="2023-06-17T09:12:13 IST" skipped="0">
  <testcase classname="testCases.TestSetup" name="testSetup" time="3.012"/>
  <system-out/>
</testsuite> <!-- testCases.TestSetup -->
