<?xml version="1.0" encoding="UTF-8"?>
<!-- Generated by org.testng.reporters.JUnitReportReporter -->
<testsuite hostname="DESKTOP-52D0HCV" failures="0" tests="1" name="com.minipro.alerts.HandleAlerts" time="36.622" errors="0" timestamp="2023-05-16T11:50:14 IST" skipped="0">
  <testcase classname="com.minipro.alerts.HandleAlerts" name="checkAlerts" time="36.622"/>
  <system-out/>
</testsuite> <!-- com.minipro.alerts.HandleAlerts -->
