<?xml version="1.0" encoding="UTF-8"?>
<!-- Generated by org.testng.reporters.JUnitReportReporter -->
<testsuite hostname="DESKTOP-GIFU2BI" failures="0" tests="1" name="com.project.multiwindow.MultipleWindowTest" time="11.832" errors="0" timestamp="2022-12-22T22:00:05 IST" skipped="0">
  <testcase classname="com.project.multiwindow.MultipleWindowTest" name="handleMultiWindow" time="11.832"/>
  <system-out/>
</testsuite> <!-- com.project.multiwindow.MultipleWindowTest -->
