<?xml version="1.0" encoding="UTF-8"?>
<!-- Generated by org.testng.reporters.JUnitReportReporter -->
<testsuite hostname="DESKTOP-GIFU2BI" failures="0" tests="1" name="com.miniproject.multiwindow.MultipleWindowTest" time="6.043" errors="0" timestamp="2022-12-27T12:00:56 IST" skipped="0">
  <testcase classname="com.miniproject.multiwindow.MultipleWindowTest" name="handleMultiWindow" time="6.043"/>
  <system-out/>
</testsuite> <!-- com.miniproject.multiwindow.MultipleWindowTest -->
