<?xml version="1.0" encoding="UTF-8"?>
<!-- Generated by org.testng.reporters.JUnitReportReporter -->
<testsuite hostname="DESKTOP-52D0HCV" failures="0" tests="1" name="FetchAPI" time="2.715" errors="0" timestamp="2023-06-19T22:06:41 IST" skipped="0">
  <testcase classname="FetchAPI" name="whenGetRequestSent_thenResponseIsPrinted" time="2.715"/>
  <system-out/>
</testsuite> <!-- FetchAPI -->
