<?xml version="1.0" encoding="UTF-8"?>
<!-- Generated by org.testng.reporters.JUnitReportReporter -->
<testsuite hostname="DESKTOP-GIFU2BI" failures="0" tests="1" name="com.selenium.master2.HandleAlerts" time="3.130" errors="0" timestamp="2022-12-22T20:12:38 IST" skipped="0">
  <testcase classname="com.selenium.master2.HandleAlerts" name="handleAlert" time="3.130"/>
  <system-out/>
</testsuite> <!-- com.selenium.master2.HandleAlerts -->
