<?xml version="1.0" encoding="UTF-8"?>
<!-- Generated by org.testng.reporters.JUnitReportReporter -->
<testsuite hostname="DESKTOP-GIFU2BI" failures="0" tests="1" name="com.selenium.master2.SelectDropDown" time="9.283" errors="0" timestamp="2022-12-22T14:43:56 IST" skipped="0">
  <testcase classname="com.selenium.master2.SelectDropDown" name="selectDob" time="9.283"/>
  <system-out/>
</testsuite> <!-- com.selenium.master2.SelectDropDown -->
