<?xml version="1.0" encoding="UTF-8"?>
<!-- Generated by org.testng.reporters.JUnitReportReporter -->
<testsuite hostname="DESKTOP-GIFU2BI" failures="0" tests="1" name="com.selenuim.basic.FirstSeleniumTest" time="9.092" errors="0" timestamp="2022-12-22T16:08:04 IST" skipped="0">
  <testcase classname="com.selenuim.basic.FirstSeleniumTest" name="verifyFaceBookHomePage" time="9.092"/>
  <system-out/>
</testsuite> <!-- com.selenuim.basic.FirstSeleniumTest -->
