<?xml version="1.0" encoding="UTF-8"?>
<!-- Generated by org.testng.reporters.JUnitReportReporter -->
<testsuite hostname="DESKTOP-GIFU2BI" failures="0" tests="1" name="com.selenium.master3.HandleUpload" time="15.455" errors="0" timestamp="2022-12-23T13:15:47 IST" skipped="0">
  <testcase classname="com.selenium.master3.HandleUpload" name="handleUpload" time="15.455"/>
  <system-out/>
</testsuite> <!-- com.selenium.master3.HandleUpload -->
