<?xml version="1.0" encoding="UTF-8"?>
<!-- Generated by org.testng.reporters.JUnitReportReporter -->
<testsuite hostname="DESKTOP-GIFU2BI" failures="0" tests="1" name="com.selenium.master.HandleIframes" time="6.873" errors="0" timestamp="2022-12-19T16:20:27 IST" skipped="0">
  <testcase classname="com.selenium.master.HandleIframes" name="getIFrame" time="6.873"/>
  <system-out/>
</testsuite> <!-- com.selenium.master.HandleIframes -->
