<?xml version="1.0" encoding="UTF-8"?>
<!-- Generated by org.testng.reporters.JUnitReportReporter -->
<testsuite hostname="DESKTOP-GIFU2BI" failures="0" tests="1" name="com.liveproject.LoginTest" time="32.796" errors="0" timestamp="2022-12-24T10:01:59 IST" skipped="0">
  <testcase classname="com.liveproject.LoginTest" name="loginRediff" time="32.796"/>
  <system-out/>
</testsuite> <!-- com.liveproject.LoginTest -->
