<?xml version="1.0" encoding="UTF-8"?>
<!-- Generated by org.testng.reporters.JUnitReportReporter -->
<testsuite hostname="DESKTOP-GIFU2BI" failures="0" tests="1" name="com.selenium.master3.manageJavaScriptExecutor" time="9.443" errors="0" timestamp="2022-12-23T11:32:27 IST" skipped="0">
  <testcase classname="com.selenium.master3.manageJavaScriptExecutor" name="jse" time="9.443"/>
  <system-out/>
</testsuite> <!-- com.selenium.master3.manageJavaScriptExecutor -->
