<?xml version="1.0" encoding="UTF-8"?>
<!-- Generated by org.testng.reporters.JUnitReportReporter -->
<testsuite hostname="DESKTOP-GIFU2BI" failures="0" tests="1" name="com.selenium.master2.HandleMultipleWindow" time="6.126" errors="0" timestamp="2022-12-22T15:03:58 IST" skipped="0">
  <testcase classname="com.selenium.master2.HandleMultipleWindow" name="handleFacebook" time="6.126"/>
  <system-out/>
</testsuite> <!-- com.selenium.master2.HandleMultipleWindow -->
