<?xml version="1.0" encoding="UTF-8"?>
<!-- Generated by org.testng.reporters.JUnitReportReporter -->
<testsuite hostname="DESKTOP-GIFU2BI" failures="0" tests="1" name="com.selenium.master3.handleWebTable" time="16.851" errors="0" timestamp="2022-12-23T10:18:30 IST" skipped="0">
  <testcase classname="com.selenium.master3.handleWebTable" name="handleWebTab" time="16.851"/>
  <system-out/>
</testsuite> <!-- com.selenium.master3.handleWebTable -->
