<?xml version="1.0" encoding="UTF-8"?>
<!-- Generated by org.testng.reporters.JUnitReportReporter -->
<testsuite hostname="DESKTOP-GIFU2BI" failures="0" tests="1" name="com.selenium.master2.HandleDragAndDrop" time="9.070" errors="0" timestamp="2022-12-23T09:43:29 IST" skipped="0">
  <testcase classname="com.selenium.master2.HandleDragAndDrop" name="customDragAndDrop" time="9.070"/>
  <system-out/>
</testsuite> <!-- com.selenium.master2.HandleDragAndDrop -->
