<?xml version="1.0" encoding="UTF-8"?>
<!-- Generated by org.testng.reporters.JUnitReportReporter -->
<testsuite hostname="DESKTOP-GIFU2BI" failures="0" tests="1" name="com.selenium.master.ATdn" time="6.024" errors="0" timestamp="2022-12-21T16:25:53 IST" skipped="0">
  <testcase classname="com.selenium.master.ATdn" name="findLinks" time="6.024"/>
  <system-out/>
</testsuite> <!-- com.selenium.master.ATdn -->
