<?xml version="1.0" encoding="UTF-8"?>
<!-- Generated by org.testng.reporters.JUnitReportReporter -->
<testsuite hostname="DESKTOP-GIFU2BI" failures="0" tests="1" name="com.selenium.wait.SleepWaitClass" time="3.287" errors="0" timestamp="2022-12-17T18:52:05 IST" skipped="0">
  <testcase classname="com.selenium.wait.SleepWaitClass" name="googleSearch" time="3.287"/>
  <system-out/>
</testsuite> <!-- com.selenium.wait.SleepWaitClass -->
