<?xml version="1.0" encoding="UTF-8"?>
<!-- Generated by org.testng.reporters.JUnitReportReporter -->
<testsuite hostname="DESKTOP-GIFU2BI" failures="0" tests="1" name="com.selenium.master.SecondSelenium" time="11.896" errors="0" timestamp="2022-12-22T17:43:36 IST" skipped="0">
  <testcase classname="com.selenium.master.SecondSelenium" name="search" time="11.896"/>
  <system-out/>
</testsuite> <!-- com.selenium.master.SecondSelenium -->
