<?xml version="1.0" encoding="UTF-8"?>
<!-- Generated by org.testng.reporters.JUnitReportReporter -->
<testsuite hostname="DESKTOP-GIFU2BI" failures="0" tests="1" name="com.selenium.master.FindBrokenLink" time="97.641" errors="0" timestamp="2022-12-19T16:11:33 IST" skipped="0">
  <testcase classname="com.selenium.master.FindBrokenLink" name="findLinks" time="97.641"/>
  <system-out/>
</testsuite> <!-- com.selenium.master.FindBrokenLink -->
