<?xml version="1.0" encoding="UTF-8"?>
<!-- Generated by org.testng.reporters.JUnitReportReporter -->
<testsuite hostname="DESKTOP-GIFU2BI" failures="0" tests="1" name="com.selenium.master.ExtractText" time="2.965" errors="0" timestamp="2022-12-19T15:45:53 IST" skipped="0">
  <testcase classname="com.selenium.master.ExtractText" name="extracttext" time="2.965"/>
  <system-out/>
</testsuite> <!-- com.selenium.master.ExtractText -->
